<?xml version="1.0" encoding="UTF-8"?>
<!-- Generated by org.testng.reporters.JUnitReportReporter -->
<testsuite name="MSX.AMZ" tests="1" time="4.705" ignored="0" failures="0" timestamp="02 Feb 2017 09:33:40 GMT" skipped="0" hostname="WKSP00075683" errors="0">
  <testcase name="max" time="4.705" classname="MSX.AMZ"/>
</testsuite> <!-- MSX.AMZ -->
