<?xml version="1.0" encoding="UTF-8"?>
<!-- Generated by org.testng.reporters.JUnitReportReporter -->
<testsuite hostname="WKSP00075683" name="MSX.SeleniumTests" tests="1" failures="0" timestamp="2 Feb 2017 11:17:21 GMT" time="2.724" errors="0">
  <testcase name="max" time="2.724" classname="MSX.SeleniumTests"/>
</testsuite> <!-- MSX.SeleniumTests -->
